05.08.2010 13:18:20 Программа запущена. Версия 2.
05.08.2010 13:18:30 USB-устройство MP709 FFFFFFF4 подключено.
05.08.2010 13:18:35 Нагрузка FFFFFFF4 включена.
05.08.2010 13:18:36 Нагрузка FFFFFFF4 отключена.
05.08.2010 13:18:37 Нагрузка FFFFFFF4 включена.
05.08.2010 13:18:39 Нагрузка FFFFFFF4 отключена.
05.08.2010 13:18:39 Нагрузка FFFFFFF4 включена.
05.08.2010 13:18:42 Нагрузка FFFFFFF4 отключена.
05.08.2010 13:19:04 Ошибка загрузки файла состояния.
05.08.2010 13:19:09 Ошибка загрузки файла состояния.
05.08.2010 13:19:33 Ошибка загрузки файла состояния.
05.08.2010 13:19:38 Ошибка загрузки файла состояния.
05.08.2010 13:19:59 Программа остановлена.
05.08.2010 13:21:26 Программа запущена. Версия 2.
05.08.2010 13:21:27 Нагрузка FFFFFFF4 включена.
05.08.2010 13:21:27 USB-устройство MP709 FFFFFFF4 подключено.
05.08.2010 13:21:32 Ошибка загрузки файла состояния.
05.08.2010 13:21:38 Ошибка загрузки файла состояния.
05.08.2010 13:21:58 Ошибка загрузки файла состояния.
05.08.2010 13:22:03 Ошибка загрузки файла состояния.
05.08.2010 13:27:20 Программа остановлена.
06.08.2010 09:46:32 Программа запущена. Версия 2.
06.08.2010 09:46:32 Нагрузка FFFFFFF4 включена.
06.08.2010 09:46:32 USB-устройство MP709 FFFFFFF4 подключено.
06.08.2010 09:46:38 Нагрузка FFFFFFF4 отключена.
06.08.2010 09:46:38 Нагрузка FFFFFFF4 включена.
06.08.2010 09:46:39 Нагрузка FFFFFFF4 отключена.
06.08.2010 09:46:39 Нагрузка FFFFFFF4 включена.
06.08.2010 09:53:17 Программа остановлена.
06.08.2010 10:59:49 Программа запущена. Версия 2.
06.08.2010 10:59:50 Нагрузка FFFFFFF4 включена.
06.08.2010 10:59:50 USB-устройство MP709 FFFFFFF4 подключено.
06.08.2010 10:59:52 Нагрузка FFFFFFF4 отключена.
06.08.2010 10:59:52 Нагрузка FFFFFFF4 включена.
06.08.2010 11:00:21 Ошибка загрузки файла состояния.
06.08.2010 11:00:31 Ошибка загрузки файла состояния.
06.08.2010 11:01:42 Ошибка передачи файла состояния.
06.08.2010 11:01:53 Ошибка передачи файла состояния.
06.08.2010 11:02:26 Ошибка передачи файла состояния.
06.08.2010 11:02:56 Ошибка передачи файла состояния.
06.08.2010 11:03:25 Нагрузка Реле отключена.
06.08.2010 11:03:27 Ошибка передачи файла состояния.
06.08.2010 11:03:27 Нагрузка Реле включена.
06.08.2010 11:03:57 Ошибка передачи файла состояния.
06.08.2010 11:04:28 Ошибка передачи файла состояния.
06.08.2010 11:04:58 Ошибка передачи файла состояния.
06.08.2010 11:05:29 Ошибка передачи файла состояния.
06.08.2010 11:05:47 Ошибка передачи файла состояния.
06.08.2010 11:05:59 Ошибка передачи файла состояния.
06.08.2010 11:06:26 Ошибка передачи файла состояния.
06.08.2010 11:06:57 Ошибка передачи файла состояния.
06.08.2010 11:07:27 Ошибка передачи файла состояния.
06.08.2010 11:07:50 USB-устройство MP709 Реле извлечено.
06.08.2010 11:07:57 Нагрузка Реле включена.
06.08.2010 11:08:25 Ошибка передачи файла состояния.
06.08.2010 11:10:48 Ошибка передачи файла состояния.
06.08.2010 11:11:18 Ошибка передачи файла состояния.
06.08.2010 11:11:49 Ошибка передачи файла состояния.
06.08.2010 11:14:22 Ошибка передачи файла состояния.
06.08.2010 11:14:53 Ошибка передачи файла состояния.
06.08.2010 11:15:59 Ошибка передачи файла состояния.
06.08.2010 11:16:30 Ошибка передачи файла состояния.
06.08.2010 11:17:00 Ошибка передачи файла состояния.
06.08.2010 11:17:38 Ошибка передачи файла состояния.
06.08.2010 11:18:08 Ошибка передачи файла состояния.
06.08.2010 11:18:38 Ошибка передачи файла состояния.
06.08.2010 11:19:09 Ошибка передачи файла состояния.
06.08.2010 11:19:27 Ошибка передачи файла состояния.
06.08.2010 11:19:40 Ошибка передачи файла состояния.
06.08.2010 11:20:11 Ошибка передачи файла состояния.
06.08.2010 11:20:47 Ошибка передачи файла состояния.
06.08.2010 11:22:23 Ошибка передачи файла состояния.
06.08.2010 11:26:08 Ошибка передачи файла состояния.
06.08.2010 11:26:38 Ошибка передачи файла состояния.
06.08.2010 11:27:09 Ошибка передачи файла состояния.
06.08.2010 11:27:39 Ошибка передачи файла состояния.
06.08.2010 11:28:09 Ошибка передачи файла состояния.
06.08.2010 11:28:40 Ошибка передачи файла состояния.
06.08.2010 11:28:53 Ошибка передачи файла состояния.
06.08.2010 11:29:10 Ошибка передачи файла состояния.
06.08.2010 11:29:41 Ошибка передачи файла состояния.
06.08.2010 11:30:12 Ошибка передачи файла состояния.
06.08.2010 11:30:43 Ошибка передачи файла состояния.
06.08.2010 11:31:13 Ошибка передачи файла состояния.
06.08.2010 11:31:44 Ошибка передачи файла состояния.
06.08.2010 11:32:14 Ошибка передачи файла состояния.
06.08.2010 11:37:00 Ошибка передачи файла состояния.
06.08.2010 11:37:36 Ошибка передачи файла состояния.
06.08.2010 11:38:07 Ошибка передачи файла состояния.
06.08.2010 11:38:37 Ошибка передачи файла состояния.
06.08.2010 11:39:08 Ошибка передачи файла состояния.
06.08.2010 11:39:38 Ошибка передачи файла состояния.
06.08.2010 11:40:09 Ошибка передачи файла состояния.
06.08.2010 11:40:22 Ошибка передачи файла состояния.
06.08.2010 11:40:53 Ошибка передачи файла состояния.
06.08.2010 11:41:23 Ошибка передачи файла состояния.
06.08.2010 11:41:54 Ошибка передачи файла состояния.
06.08.2010 11:42:26 Ошибка передачи файла состояния.
06.08.2010 11:43:29 Ошибка передачи файла состояния.
06.08.2010 11:44:00 Ошибка передачи файла состояния.
06.08.2010 11:46:21 Ошибка передачи файла состояния.
06.08.2010 11:46:51 Ошибка передачи файла состояния.
06.08.2010 11:47:22 Ошибка передачи файла состояния.
06.08.2010 11:47:52 Ошибка передачи файла состояния.
06.08.2010 11:48:23 Ошибка передачи файла состояния.
06.08.2010 11:48:53 Ошибка передачи файла состояния.
06.08.2010 11:49:24 Ошибка передачи файла состояния.
06.08.2010 11:49:35 Ошибка передачи файла состояния.
06.08.2010 11:49:54 Ошибка передачи файла состояния.
06.08.2010 11:50:25 Ошибка передачи файла состояния.
06.08.2010 11:50:55 Ошибка передачи файла состояния.
06.08.2010 11:51:26 Ошибка передачи файла состояния.
06.08.2010 11:51:56 Ошибка передачи файла состояния.
06.08.2010 11:52:27 Ошибка передачи файла состояния.
06.08.2010 11:54:35 Ошибка передачи файла состояния.
06.08.2010 11:55:05 Ошибка передачи файла состояния.
06.08.2010 11:55:43 Ошибка передачи файла состояния.
06.08.2010 11:56:13 Ошибка передачи файла состояния.
06.08.2010 11:56:44 Ошибка передачи файла состояния.
06.08.2010 11:57:15 Ошибка передачи файла состояния.
06.08.2010 11:57:45 Ошибка передачи файла состояния.
06.08.2010 11:58:16 Ошибка передачи файла состояния.
06.08.2010 11:58:46 Ошибка передачи файла состояния.
06.08.2010 11:59:17 Ошибка передачи файла состояния.
06.08.2010 11:59:47 Ошибка передачи файла состояния.
06.08.2010 12:00:17 Ошибка передачи файла состояния.
06.08.2010 12:00:29 Ошибка передачи файла состояния.
06.08.2010 12:00:50 Ошибка передачи файла состояния.
06.08.2010 12:01:20 Ошибка передачи файла состояния.
06.08.2010 12:01:50 Ошибка передачи файла состояния.
06.08.2010 12:02:21 Ошибка передачи файла состояния.
06.08.2010 12:02:33 Ошибка передачи файла состояния.
06.08.2010 12:05:24 Ошибка передачи файла состояния.
06.08.2010 12:05:50 Ошибка передачи файла состояния.
06.08.2010 12:06:21 Ошибка передачи файла состояния.
06.08.2010 12:06:51 Ошибка передачи файла состояния.
06.08.2010 12:07:21 Ошибка передачи файла состояния.
06.08.2010 12:07:52 Ошибка передачи файла состояния.
06.08.2010 12:08:22 Ошибка передачи файла состояния.
06.08.2010 12:08:34 Ошибка передачи файла состояния.
06.08.2010 12:08:53 Ошибка передачи файла состояния.
06.08.2010 12:09:04 Ошибка передачи файла состояния.
06.08.2010 12:09:23 Ошибка передачи файла состояния.
06.08.2010 12:09:54 Ошибка передачи файла состояния.
06.08.2010 12:10:12 Ошибка передачи файла состояния.
06.08.2010 12:10:45 Ошибка передачи файла состояния.
06.08.2010 12:11:52 Ошибка передачи файла состояния.
06.08.2010 12:12:22 Ошибка передачи файла состояния.
06.08.2010 12:12:53 Ошибка передачи файла состояния.
06.08.2010 12:13:23 Ошибка передачи файла состояния.
06.08.2010 12:13:59 Ошибка передачи файла состояния.
06.08.2010 12:14:29 Ошибка передачи файла состояния.
06.08.2010 12:15:00 Ошибка передачи файла состояния.
06.08.2010 12:15:31 Ошибка передачи файла состояния.
06.08.2010 12:16:21 Ошибка передачи файла состояния.
06.08.2010 12:16:51 Ошибка передачи файла состояния.
06.08.2010 12:17:04 Ошибка передачи файла состояния.
06.08.2010 12:17:35 Ошибка передачи файла состояния.
06.08.2010 12:18:05 Ошибка передачи файла состояния.
06.08.2010 12:18:36 Ошибка передачи файла состояния.
06.08.2010 12:19:06 Ошибка передачи файла состояния.
06.08.2010 12:19:37 Ошибка передачи файла состояния.
06.08.2010 12:19:56 Ошибка передачи файла состояния.
06.08.2010 12:20:12 Ошибка передачи файла состояния.
06.08.2010 12:20:26 Ошибка передачи файла состояния.
06.08.2010 12:20:47 Ошибка передачи файла состояния.
06.08.2010 12:21:17 Ошибка передачи файла состояния.
06.08.2010 12:21:49 Ошибка передачи файла состояния.
06.08.2010 12:22:19 Ошибка передачи файла состояния.
06.08.2010 12:22:37 Ошибка передачи файла состояния.
06.08.2010 12:22:49 Ошибка передачи файла состояния.
06.08.2010 12:23:20 Ошибка передачи файла состояния.
06.08.2010 12:23:50 Ошибка передачи файла состояния.
06.08.2010 12:24:20 Ошибка передачи файла состояния.
06.08.2010 12:24:51 Ошибка передачи файла состояния.
06.08.2010 12:25:21 Ошибка передачи файла состояния.
06.08.2010 12:25:48 Ошибка передачи файла состояния.
06.08.2010 12:26:18 Ошибка передачи файла состояния.
06.08.2010 12:26:48 Ошибка передачи файла состояния.
06.08.2010 12:27:24 Ошибка передачи файла состояния.
06.08.2010 12:27:55 Ошибка передачи файла состояния.
06.08.2010 12:28:28 Ошибка передачи файла состояния.
06.08.2010 12:28:50 Ошибка передачи файла состояния.
06.08.2010 12:29:20 Ошибка передачи файла состояния.
06.08.2010 12:29:51 Ошибка передачи файла состояния.
06.08.2010 12:30:16 Ошибка передачи файла состояния.
06.08.2010 12:30:47 Ошибка передачи файла состояния.
06.08.2010 12:31:18 Ошибка передачи файла состояния.
06.08.2010 12:31:48 Ошибка передачи файла состояния.
06.08.2010 12:32:18 Ошибка передачи файла состояния.
06.08.2010 12:32:49 Ошибка передачи файла состояния.
06.08.2010 12:33:50 Ошибка передачи файла состояния.
06.08.2010 12:34:20 Ошибка передачи файла состояния.
06.08.2010 12:34:51 Ошибка передачи файла состояния.
06.08.2010 12:35:21 Ошибка передачи файла состояния.
06.08.2010 12:35:47 Ошибка передачи файла состояния.
06.08.2010 12:37:18 Ошибка передачи файла состояния.
06.08.2010 12:37:29 Ошибка передачи файла состояния.
06.08.2010 12:37:49 Ошибка передачи файла состояния.
06.08.2010 12:38:25 Ошибка передачи файла состояния.
06.08.2010 12:38:56 Ошибка передачи файла состояния.
06.08.2010 12:39:26 Ошибка передачи файла состояния.
06.08.2010 12:39:57 Ошибка передачи файла состояния.
06.08.2010 12:41:55 Ошибка передачи файла состояния.
06.08.2010 12:43:32 Ошибка передачи файла состояния.
06.08.2010 12:43:57 Ошибка передачи файла состояния.
06.08.2010 12:44:27 Ошибка передачи файла состояния.
06.08.2010 12:44:58 Ошибка передачи файла состояния.
06.08.2010 12:45:28 Ошибка передачи файла состояния.
06.08.2010 12:45:46 Ошибка передачи файла состояния.
06.08.2010 12:45:58 Ошибка передачи файла состояния.
06.08.2010 12:46:17 Ошибка передачи файла состояния.
06.08.2010 12:46:29 Ошибка передачи файла состояния.
06.08.2010 12:46:47 Ошибка передачи файла состояния.
06.08.2010 12:46:59 Ошибка передачи файла состояния.
06.08.2010 12:47:17 Ошибка передачи файла состояния.
06.08.2010 12:47:30 Ошибка передачи файла состояния.
06.08.2010 12:47:48 Ошибка передачи файла состояния.
06.08.2010 12:48:00 Ошибка передачи файла состояния.
06.08.2010 12:48:18 Ошибка передачи файла состояния.
06.08.2010 12:48:36 Ошибка передачи файла состояния.
06.08.2010 12:48:49 Ошибка передачи файла состояния.
06.08.2010 12:49:06 Ошибка передачи файла состояния.
06.08.2010 12:49:19 Ошибка передачи файла состояния.
06.08.2010 12:49:32 Ошибка передачи файла состояния.
06.08.2010 12:49:49 Ошибка передачи файла состояния.
06.08.2010 12:50:03 Ошибка передачи файла состояния.
06.08.2010 12:50:20 Ошибка передачи файла состояния.
06.08.2010 12:50:34 Ошибка передачи файла состояния.
06.08.2010 12:50:50 Ошибка передачи файла состояния.
06.08.2010 12:51:04 Ошибка передачи файла состояния.
06.08.2010 12:51:21 Ошибка передачи файла состояния.
06.08.2010 12:51:34 Ошибка передачи файла состояния.
06.08.2010 12:51:51 Ошибка передачи файла состояния.
06.08.2010 12:52:05 Ошибка передачи файла состояния.
06.08.2010 12:52:21 Ошибка передачи файла состояния.
06.08.2010 12:52:35 Ошибка передачи файла состояния.
06.08.2010 12:52:52 Ошибка передачи файла состояния.
06.08.2010 12:53:06 Ошибка передачи файла состояния.
06.08.2010 12:53:36 Ошибка передачи файла состояния.
06.08.2010 12:53:53 Ошибка передачи файла состояния.
06.08.2010 12:54:06 Ошибка передачи файла состояния.
06.08.2010 12:54:25 Ошибка передачи файла состояния.
06.08.2010 12:54:37 Ошибка передачи файла состояния.
06.08.2010 12:54:56 Ошибка передачи файла состояния.
06.08.2010 12:55:07 Ошибка передачи файла состояния.
06.08.2010 12:55:39 Ошибка передачи файла состояния.
06.08.2010 12:56:15 Ошибка передачи файла состояния.
06.08.2010 12:56:46 Ошибка передачи файла состояния.
06.08.2010 12:57:16 Ошибка передачи файла состояния.
06.08.2010 12:57:47 Ошибка передачи файла состояния.
06.08.2010 12:58:17 Ошибка передачи файла состояния.
06.08.2010 12:58:48 Ошибка передачи файла состояния.
06.08.2010 12:59:24 Ошибка передачи файла состояния.
06.08.2010 12:59:55 Ошибка передачи файла состояния.
06.08.2010 13:00:25 Ошибка передачи файла состояния.
06.08.2010 13:00:56 Ошибка передачи файла состояния.
06.08.2010 13:01:26 Ошибка передачи файла состояния.
06.08.2010 13:01:57 Ошибка передачи файла состояния.
06.08.2010 13:03:59 Ошибка передачи файла состояния.
06.08.2010 13:04:12 Ошибка передачи файла состояния.
06.08.2010 13:04:43 Ошибка передачи файла состояния.
06.08.2010 13:05:13 Ошибка передачи файла состояния.
06.08.2010 13:05:44 Ошибка передачи файла состояния.
06.08.2010 13:06:14 Ошибка передачи файла состояния.
06.08.2010 13:06:44 Ошибка передачи файла состояния.
06.08.2010 13:07:15 Ошибка передачи файла состояния.
06.08.2010 13:07:51 Ошибка передачи файла состояния.
06.08.2010 13:08:21 Ошибка передачи файла состояния.
06.08.2010 13:08:46 Ошибка передачи файла состояния.
06.08.2010 13:09:23 Ошибка передачи файла состояния.
06.08.2010 13:09:54 Ошибка передачи файла состояния.
06.08.2010 13:10:25 Ошибка передачи файла состояния.
06.08.2010 13:10:55 Ошибка передачи файла состояния.
06.08.2010 13:11:25 Ошибка передачи файла состояния.
06.08.2010 13:11:56 Ошибка передачи файла состояния.
06.08.2010 13:12:26 Ошибка передачи файла состояния.
06.08.2010 13:12:56 Ошибка передачи файла состояния.
06.08.2010 13:13:27 Ошибка передачи файла состояния.
06.08.2010 13:13:57 Ошибка передачи файла состояния.
06.08.2010 13:14:27 Ошибка передачи файла состояния.
06.08.2010 13:14:59 Ошибка передачи файла состояния.
06.08.2010 13:15:29 Ошибка передачи файла состояния.
06.08.2010 13:15:47 Ошибка передачи файла состояния.
06.08.2010 13:16:00 Ошибка передачи файла состояния.
06.08.2010 13:16:17 Ошибка передачи файла состояния.
06.08.2010 13:16:30 Ошибка передачи файла состояния.
06.08.2010 13:16:48 Ошибка передачи файла состояния.
06.08.2010 13:17:07 Ошибка передачи файла состояния.
06.08.2010 13:17:18 Ошибка передачи файла состояния.
06.08.2010 13:17:37 Ошибка передачи файла состояния.
06.08.2010 13:17:48 Ошибка передачи файла состояния.
06.08.2010 13:18:08 Ошибка передачи файла состояния.
06.08.2010 13:18:19 Ошибка передачи файла состояния.
06.08.2010 13:18:38 Ошибка передачи файла состояния.
06.08.2010 13:18:49 Ошибка передачи файла состояния.
06.08.2010 13:19:08 Ошибка передачи файла состояния.
06.08.2010 13:19:20 Ошибка передачи файла состояния.
06.08.2010 13:19:39 Ошибка передачи файла состояния.
06.08.2010 13:19:50 Ошибка передачи файла состояния.
06.08.2010 13:20:09 Ошибка передачи файла состояния.
06.08.2010 13:20:20 Ошибка передачи файла состояния.
06.08.2010 13:20:46 Ошибка передачи файла состояния.
06.08.2010 13:21:17 Ошибка передачи файла состояния.
06.08.2010 13:21:47 Ошибка передачи файла состояния.
06.08.2010 13:22:17 Ошибка передачи файла состояния.
06.08.2010 13:22:48 Ошибка передачи файла состояния.
06.08.2010 13:23:49 Ошибка передачи файла состояния.
06.08.2010 13:24:19 Ошибка передачи файла состояния.
06.08.2010 13:24:50 Ошибка передачи файла состояния.
06.08.2010 13:25:23 Ошибка передачи файла состояния.
06.08.2010 13:25:54 Ошибка передачи файла состояния.
06.08.2010 13:28:26 Ошибка передачи файла состояния.
06.08.2010 13:29:28 Ошибка передачи файла состояния.
06.08.2010 13:30:48 Ошибка передачи файла состояния.
06.08.2010 13:31:05 Ошибка передачи файла состояния.
06.08.2010 13:31:18 Ошибка передачи файла состояния.
06.08.2010 13:31:35 Ошибка передачи файла состояния.
06.08.2010 13:31:48 Ошибка передачи файла состояния.
06.08.2010 13:32:06 Ошибка передачи файла состояния.
06.08.2010 13:32:19 Ошибка передачи файла состояния.
06.08.2010 13:32:36 Ошибка передачи файла состояния.
06.08.2010 13:32:49 Ошибка передачи файла состояния.
06.08.2010 13:33:01 Ошибка передачи файла состояния.
06.08.2010 13:33:20 Ошибка передачи файла состояния.
06.08.2010 13:33:32 Ошибка передачи файла состояния.
06.08.2010 13:33:50 Ошибка передачи файла состояния.
06.08.2010 13:34:21 Ошибка передачи файла состояния.
06.08.2010 13:36:04 Ошибка передачи файла состояния.
06.08.2010 13:36:34 Ошибка передачи файла состояния.
06.08.2010 13:37:05 Ошибка передачи файла состояния.
06.08.2010 13:37:35 Ошибка передачи файла состояния.
06.08.2010 13:38:06 Ошибка передачи файла состояния.
06.08.2010 13:38:36 Ошибка передачи файла состояния.
06.08.2010 13:39:06 Ошибка передачи файла состояния.
06.08.2010 13:39:37 Ошибка передачи файла состояния.
06.08.2010 13:40:13 Ошибка передачи файла состояния.
06.08.2010 13:40:43 Ошибка передачи файла состояния.
06.08.2010 13:41:14 Ошибка передачи файла состояния.
06.08.2010 13:41:45 Ошибка передачи файла состояния.
06.08.2010 13:42:15 Ошибка передачи файла состояния.
06.08.2010 13:42:46 Ошибка передачи файла состояния.
06.08.2010 13:43:16 Ошибка передачи файла состояния.
06.08.2010 13:43:47 Ошибка передачи файла состояния.
06.08.2010 13:44:17 Ошибка передачи файла состояния.
06.08.2010 13:44:47 Ошибка передачи файла состояния.
06.08.2010 13:45:29 Ошибка передачи файла состояния.
06.08.2010 13:45:48 Ошибка передачи файла состояния.
06.08.2010 13:46:00 Ошибка передачи файла состояния.
06.08.2010 13:46:19 Ошибка передачи файла состояния.
06.08.2010 13:46:30 Ошибка передачи файла состояния.
06.08.2010 13:46:50 Ошибка передачи файла состояния.
06.08.2010 13:47:01 Ошибка передачи файла состояния.
06.08.2010 13:47:20 Ошибка передачи файла состояния.
06.08.2010 13:47:31 Ошибка передачи файла состояния.
06.08.2010 13:48:02 Ошибка передачи файла состояния.
06.08.2010 13:48:32 Ошибка передачи файла состояния.
06.08.2010 13:52:36 Ошибка передачи файла состояния.
06.08.2010 13:53:31 Ошибка передачи файла состояния.
06.08.2010 13:55:44 Ошибка передачи файла состояния.
06.08.2010 13:56:15 Ошибка передачи файла состояния.
06.08.2010 13:56:45 Ошибка передачи файла состояния.
06.08.2010 13:57:16 Ошибка передачи файла состояния.
06.08.2010 13:57:46 Ошибка передачи файла состояния.
06.08.2010 13:58:16 Ошибка передачи файла состояния.
06.08.2010 13:59:29 Ошибка передачи файла состояния.
06.08.2010 14:00:00 Ошибка передачи файла состояния.
06.08.2010 14:00:30 Ошибка передачи файла состояния.
06.08.2010 14:01:00 Ошибка передачи файла состояния.
06.08.2010 14:01:30 Ошибка передачи файла состояния.
06.08.2010 14:02:01 Ошибка передачи файла состояния.
06.08.2010 14:02:26 Ошибка передачи файла состояния.
06.08.2010 14:02:57 Ошибка передачи файла состояния.
06.08.2010 14:03:27 Ошибка передачи файла состояния.
06.08.2010 14:03:58 Ошибка передачи файла состояния.
06.08.2010 14:04:28 Ошибка передачи файла состояния.
06.08.2010 14:04:59 Ошибка передачи файла состояния.
06.08.2010 14:05:29 Ошибка передачи файла состояния.
06.08.2010 14:08:35 Ошибка передачи файла состояния.
06.08.2010 14:09:06 Ошибка передачи файла состояния.
06.08.2010 14:10:12 Ошибка передачи файла состояния.
06.08.2010 14:10:45 Ошибка передачи файла состояния.
06.08.2010 14:11:16 Ошибка передачи файла состояния.
06.08.2010 14:11:42 Ошибка передачи файла состояния.
06.08.2010 14:12:13 Ошибка передачи файла состояния.
06.08.2010 14:12:43 Ошибка передачи файла состояния.
06.08.2010 14:13:14 Ошибка передачи файла состояния.
06.08.2010 14:13:44 Ошибка передачи файла состояния.
06.08.2010 14:14:15 Ошибка передачи файла состояния.
06.08.2010 14:14:45 Ошибка передачи файла состояния.
06.08.2010 14:15:16 Ошибка передачи файла состояния.
06.08.2010 14:15:47 Ошибка передачи файла состояния.
06.08.2010 14:16:17 Ошибка передачи файла состояния.
06.08.2010 14:16:48 Ошибка передачи файла состояния.
06.08.2010 14:17:18 Ошибка передачи файла состояния.
06.08.2010 14:17:48 Ошибка передачи файла состояния.
06.08.2010 14:18:19 Ошибка передачи файла состояния.
06.08.2010 14:18:30 Ошибка передачи файла состояния.
06.08.2010 14:18:49 Ошибка передачи файла состояния.
06.08.2010 14:19:00 Ошибка передачи файла состояния.
06.08.2010 14:19:20 Ошибка передачи файла состояния.
06.08.2010 14:19:50 Ошибка передачи файла состояния.
06.08.2010 14:20:45 Ошибка передачи файла состояния.
06.08.2010 14:21:16 Ошибка передачи файла состояния.
06.08.2010 14:21:46 Ошибка передачи файла состояния.
06.08.2010 14:22:17 Ошибка передачи файла состояния.
06.08.2010 14:23:31 Ошибка передачи файла состояния.
06.08.2010 14:23:50 Ошибка передачи файла состояния.
06.08.2010 14:24:01 Ошибка передачи файла состояния.
06.08.2010 14:24:20 Ошибка передачи файла состояния.
06.08.2010 14:24:31 Ошибка передачи файла состояния.
06.08.2010 14:24:51 Ошибка передачи файла состояния.
06.08.2010 14:25:02 Ошибка передачи файла состояния.
06.08.2010 14:25:22 Ошибка передачи файла состояния.
06.08.2010 14:25:47 Ошибка передачи файла состояния.
06.08.2010 14:26:17 Ошибка передачи файла состояния.
06.08.2010 14:26:48 Ошибка передачи файла состояния.
06.08.2010 14:27:18 Ошибка передачи файла состояния.
06.08.2010 14:27:34 Ошибка передачи файла состояния.
06.08.2010 14:28:18 Ошибка передачи файла состояния.
06.08.2010 14:29:55 Ошибка передачи файла состояния.
06.08.2010 14:30:20 Ошибка передачи файла состояния.
06.08.2010 14:30:50 Ошибка передачи файла состояния.
06.08.2010 14:31:15 Ошибка передачи файла состояния.
06.08.2010 14:31:32 Ошибка передачи файла состояния.
06.08.2010 14:31:46 Ошибка передачи файла состояния.
06.08.2010 14:32:03 Ошибка передачи файла состояния.
06.08.2010 14:32:16 Ошибка передачи файла состояния.
06.08.2010 14:32:33 Ошибка передачи файла состояния.
06.08.2010 14:32:47 Ошибка передачи файла состояния.
06.08.2010 14:33:03 Ошибка передачи файла состояния.
06.08.2010 14:33:17 Ошибка передачи файла состояния.
06.08.2010 14:33:34 Ошибка передачи файла состояния.
06.08.2010 14:33:48 Ошибка передачи файла состояния.
06.08.2010 14:34:04 Ошибка передачи файла состояния.
06.08.2010 14:34:18 Ошибка передачи файла состояния.
06.08.2010 14:34:35 Ошибка передачи файла состояния.
06.08.2010 14:35:45 Ошибка передачи файла состояния.
06.08.2010 14:36:15 Ошибка передачи файла состояния.
06.08.2010 14:38:49 Ошибка передачи файла состояния.
06.08.2010 14:39:19 Ошибка передачи файла состояния.
06.08.2010 14:39:50 Ошибка передачи файла состояния.
06.08.2010 14:40:21 Ошибка передачи файла состояния.
06.08.2010 14:40:51 Ошибка передачи файла состояния.
06.08.2010 14:41:21 Ошибка передачи файла состояния.
06.08.2010 14:41:52 Ошибка передачи файла состояния.
06.08.2010 14:42:23 Ошибка передачи файла состояния.
06.08.2010 14:42:53 Ошибка передачи файла состояния.
06.08.2010 14:43:23 Ошибка передачи файла состояния.
06.08.2010 14:44:32 Ошибка передачи файла состояния.
06.08.2010 14:44:51 Ошибка передачи файла состояния.
06.08.2010 14:45:02 Ошибка передачи файла состояния.
06.08.2010 14:45:21 Ошибка передачи файла состояния.
06.08.2010 14:45:32 Ошибка передачи файла состояния.
06.08.2010 14:45:52 Ошибка передачи файла состояния.
06.08.2010 14:46:03 Ошибка передачи файла состояния.
06.08.2010 14:46:34 Ошибка передачи файла состояния.
06.08.2010 14:47:04 Ошибка передачи файла состояния.
06.08.2010 14:47:34 Ошибка передачи файла состояния.
06.08.2010 14:48:05 Ошибка передачи файла состояния.
06.08.2010 14:48:35 Ошибка передачи файла состояния.
06.08.2010 14:49:06 Ошибка передачи файла состояния.
06.08.2010 14:49:36 Ошибка передачи файла состояния.
06.08.2010 14:50:06 Ошибка передачи файла состояния.
06.08.2010 14:50:43 Ошибка передачи файла состояния.
06.08.2010 14:51:13 Ошибка передачи файла состояния.
06.08.2010 14:55:30 Ошибка передачи файла состояния.
06.08.2010 14:55:47 Ошибка передачи файла состояния.
06.08.2010 14:56:00 Ошибка передачи файла состояния.
06.08.2010 14:56:17 Ошибка передачи файла состояния.
06.08.2010 14:56:30 Ошибка передачи файла состояния.
06.08.2010 14:56:48 Ошибка передачи файла состояния.
06.08.2010 14:57:01 Ошибка передачи файла состояния.
06.08.2010 14:57:18 Ошибка передачи файла состояния.
06.08.2010 14:57:31 Ошибка передачи файла состояния.
06.08.2010 14:57:48 Ошибка передачи файла состояния.
06.08.2010 14:58:02 Ошибка передачи файла состояния.
06.08.2010 14:58:19 Ошибка передачи файла состояния.
06.08.2010 14:58:49 Ошибка передачи файла состояния.
06.08.2010 15:00:15 Ошибка передачи файла состояния.
06.08.2010 15:00:46 Ошибка передачи файла состояния.
06.08.2010 15:01:17 Ошибка передачи файла состояния.
06.08.2010 15:01:53 Ошибка передачи файла состояния.
06.08.2010 15:02:26 Ошибка передачи файла состояния.
06.08.2010 15:02:56 Ошибка передачи файла состояния.
06.08.2010 15:03:32 Ошибка передачи файла состояния.
06.08.2010 15:04:03 Ошибка передачи файла состояния.
06.08.2010 15:04:28 Ошибка передачи файла состояния.
06.08.2010 15:04:58 Ошибка передачи файла состояния.
06.08.2010 15:05:29 Ошибка передачи файла состояния.
06.08.2010 15:05:46 Ошибка передачи файла состояния.
06.08.2010 15:05:59 Ошибка передачи файла состояния.
06.08.2010 15:06:17 Ошибка передачи файла состояния.
06.08.2010 15:06:30 Ошибка передачи файла состояния.
06.08.2010 15:06:47 Ошибка передачи файла состояния.
06.08.2010 15:07:00 Ошибка передачи файла состояния.
06.08.2010 15:07:18 Ошибка передачи файла состояния.
06.08.2010 15:07:30 Ошибка передачи файла состояния.
06.08.2010 15:07:48 Ошибка передачи файла состояния.
06.08.2010 15:08:00 Ошибка передачи файла состояния.
06.08.2010 15:08:19 Ошибка передачи файла состояния.
06.08.2010 15:08:31 Ошибка передачи файла состояния.
06.08.2010 15:08:49 Ошибка передачи файла состояния.
06.08.2010 15:09:01 Ошибка передачи файла состояния.
06.08.2010 15:09:19 Ошибка передачи файла состояния.
06.08.2010 15:09:32 Ошибка передачи файла состояния.
06.08.2010 15:09:50 Ошибка передачи файла состояния.
06.08.2010 15:10:02 Ошибка передачи файла состояния.
06.08.2010 15:10:20 Ошибка передачи файла состояния.
06.08.2010 15:10:32 Ошибка передачи файла состояния.
06.08.2010 15:10:51 Ошибка передачи файла состояния.
06.08.2010 15:11:03 Ошибка передачи файла состояния.
06.08.2010 15:11:21 Ошибка передачи файла состояния.
06.08.2010 15:11:33 Ошибка передачи файла состояния.
06.08.2010 15:11:47 Ошибка передачи файла состояния.
06.08.2010 15:12:04 Ошибка передачи файла состояния.
06.08.2010 15:12:17 Ошибка передачи файла состояния.
06.08.2010 15:12:34 Ошибка передачи файла состояния.
06.08.2010 15:12:48 Ошибка передачи файла состояния.
06.08.2010 15:13:04 Ошибка передачи файла состояния.
06.08.2010 15:13:24 Ошибка передачи файла состояния.
06.08.2010 15:13:35 Ошибка передачи файла состояния.
06.08.2010 15:13:54 Ошибка передачи файла состояния.
06.08.2010 15:14:05 Ошибка передачи файла состояния.
06.08.2010 15:14:24 Ошибка передачи файла состояния.
06.08.2010 15:14:36 Ошибка передачи файла состояния.
06.08.2010 15:14:55 Ошибка передачи файла состояния.
06.08.2010 15:15:06 Ошибка передачи файла состояния.
06.08.2010 15:15:25 Ошибка передачи файла состояния.
06.08.2010 15:15:55 Ошибка передачи файла состояния.
06.08.2010 15:16:26 Ошибка передачи файла состояния.
06.08.2010 15:16:56 Ошибка передачи файла состояния.
06.08.2010 15:17:26 Ошибка передачи файла состояния.
06.08.2010 15:17:57 Ошибка передачи файла состояния.
06.08.2010 15:18:27 Ошибка передачи файла состояния.
06.08.2010 15:18:58 Ошибка передачи файла состояния.
06.08.2010 15:19:28 Ошибка передачи файла состояния.
06.08.2010 15:19:59 Ошибка передачи файла состояния.
06.08.2010 15:20:29 Ошибка передачи файла состояния.
06.08.2010 15:21:00 Ошибка передачи файла состояния.
06.08.2010 15:21:30 Ошибка передачи файла состояния.
06.08.2010 15:22:01 Ошибка передачи файла состояния.
06.08.2010 15:22:31 Ошибка передачи файла состояния.
06.08.2010 15:23:01 Ошибка передачи файла состояния.
06.08.2010 15:23:32 Ошибка передачи файла состояния.
06.08.2010 15:24:02 Ошибка передачи файла состояния.
06.08.2010 15:24:33 Ошибка передачи файла состояния.
06.08.2010 15:25:03 Ошибка передачи файла состояния.
06.08.2010 15:25:48 Ошибка передачи файла состояния.
06.08.2010 15:26:18 Ошибка передачи файла состояния.
06.08.2010 15:26:48 Ошибка передачи файла состояния.
06.08.2010 15:30:47 Ошибка передачи файла состояния.
06.08.2010 15:31:17 Ошибка передачи файла состояния.
06.08.2010 15:34:33 Ошибка передачи файла состояния.
06.08.2010 15:34:52 Ошибка передачи файла состояния.
06.08.2010 15:35:03 Ошибка передачи файла состояния.
06.08.2010 15:35:23 Ошибка передачи файла состояния.
06.08.2010 15:35:34 Ошибка передачи файла состояния.
06.08.2010 15:35:53 Ошибка передачи файла состояния.
06.08.2010 15:36:24 Ошибка передачи файла состояния.
06.08.2010 15:36:54 Ошибка передачи файла состояния.
06.08.2010 15:37:24 Ошибка передачи файла состояния.
06.08.2010 15:38:58 Ошибка передачи файла состояния.
06.08.2010 15:39:28 Ошибка передачи файла состояния.
06.08.2010 15:39:58 Ошибка передачи файла состояния.
06.08.2010 15:40:15 Ошибка передачи файла состояния.
06.08.2010 15:40:29 Ошибка передачи файла состояния.
06.08.2010 15:40:47 Ошибка передачи файла состояния.
06.08.2010 15:40:59 Ошибка передачи файла состояния.
06.08.2010 15:41:18 Ошибка передачи файла состояния.
06.08.2010 15:41:30 Ошибка передачи файла состояния.
06.08.2010 15:42:00 Ошибка передачи файла состояния.
06.08.2010 15:42:31 Ошибка передачи файла состояния.
06.08.2010 15:43:01 Ошибка передачи файла состояния.
06.08.2010 15:43:32 Ошибка передачи файла состояния.
06.08.2010 15:44:02 Ошибка передачи файла состояния.
06.08.2010 15:44:32 Ошибка передачи файла состояния.
06.08.2010 15:45:03 Ошибка передачи файла состояния.
06.08.2010 15:45:33 Ошибка передачи файла состояния.
06.08.2010 15:46:04 Ошибка передачи файла состояния.
06.08.2010 15:46:34 Ошибка передачи файла состояния.
06.08.2010 15:47:04 Ошибка передачи файла состояния.
06.08.2010 15:47:35 Ошибка передачи файла состояния.
06.08.2010 15:50:16 Ошибка передачи файла состояния.
06.08.2010 15:50:47 Ошибка передачи файла состояния.
06.08.2010 15:51:17 Ошибка передачи файла состояния.
06.08.2010 15:51:48 Ошибка передачи файла состояния.
06.08.2010 15:52:18 Ошибка передачи файла состояния.
06.08.2010 15:55:47 Ошибка передачи файла состояния.
06.08.2010 15:56:17 Ошибка передачи файла состояния.
06.08.2010 15:58:37 Ошибка передачи файла состояния.
06.08.2010 15:59:08 Ошибка передачи файла состояния.
06.08.2010 15:59:58 Ошибка передачи файла состояния.
06.08.2010 16:00:29 Ошибка передачи файла состояния.
06.08.2010 16:00:59 Ошибка передачи файла состояния.
06.08.2010 16:01:30 Ошибка передачи файла состояния.
06.08.2010 16:02:00 Ошибка передачи файла состояния.
06.08.2010 16:02:31 Ошибка передачи файла состояния.
06.08.2010 16:02:43 Ошибка передачи файла состояния.
06.08.2010 16:03:01 Ошибка передачи файла состояния.
06.08.2010 16:03:14 Ошибка передачи файла состояния.
06.08.2010 16:03:32 Ошибка передачи файла состояния.
06.08.2010 16:03:44 Ошибка передачи файла состояния.
06.08.2010 16:04:02 Ошибка передачи файла состояния.
06.08.2010 16:04:15 Ошибка передачи файла состояния.
06.08.2010 16:04:33 Ошибка передачи файла состояния.
06.08.2010 16:04:45 Ошибка передачи файла состояния.
06.08.2010 16:05:03 Ошибка передачи файла состояния.
06.08.2010 16:05:16 Ошибка передачи файла состояния.
06.08.2010 16:05:34 Ошибка передачи файла состояния.
06.08.2010 16:05:47 Ошибка передачи файла состояния.
06.08.2010 16:09:47 Ошибка передачи файла состояния.
06.08.2010 16:10:18 Ошибка передачи файла состояния.
06.08.2010 16:10:47 Ошибка передачи файла состояния.
06.08.2010 16:11:17 Ошибка передачи файла состояния.
06.08.2010 16:11:55 Ошибка передачи файла состояния.
06.08.2010 16:12:26 Ошибка передачи файла состояния.
06.08.2010 16:12:57 Ошибка передачи файла состояния.
06.08.2010 16:13:27 Ошибка передачи файла состояния.
06.08.2010 16:13:57 Ошибка передачи файла состояния.
06.08.2010 16:14:28 Ошибка передачи файла состояния.
06.08.2010 16:15:04 Ошибка передачи файла состояния.
06.08.2010 16:15:35 Ошибка передачи файла состояния.
06.08.2010 16:16:05 Ошибка передачи файла состояния.
06.08.2010 16:16:36 Ошибка передачи файла состояния.
06.08.2010 16:17:06 Ошибка передачи файла состояния.
06.08.2010 16:17:37 Ошибка передачи файла состояния.
06.08.2010 16:18:07 Ошибка передачи файла состояния.
06.08.2010 16:18:38 Ошибка передачи файла состояния.
06.08.2010 16:19:08 Ошибка передачи файла состояния.
06.08.2010 16:19:39 Ошибка передачи файла состояния.
06.08.2010 16:20:09 Ошибка передачи файла состояния.
06.08.2010 16:23:18 Ошибка передачи файла состояния.
06.08.2010 16:23:48 Ошибка передачи файла состояния.
06.08.2010 16:24:19 Ошибка передачи файла состояния.
06.08.2010 16:24:38 Ошибка передачи файла состояния.
06.08.2010 16:24:50 Ошибка передачи файла состояния.
06.08.2010 16:25:20 Ошибка передачи файла состояния.
06.08.2010 16:25:48 Ошибка передачи файла состояния.
06.08.2010 16:26:18 Ошибка передачи файла состояния.
06.08.2010 16:26:49 Ошибка передачи файла состояния.
06.08.2010 16:27:20 Ошибка передачи файла состояния.
11.08.2010 15:04:40 Программа запущена. Версия 2.
11.08.2010 15:04:40 Нагрузка Реле включена.
11.08.2010 15:04:40 USB-устройство MP709 Реле подключено.
11.08.2010 15:04:43 Нагрузка Реле отключена.
11.08.2010 15:04:43 Нагрузка Реле включена.
11.08.2010 15:04:44 Нагрузка Реле отключена.
11.08.2010 15:05:16 Программа запущена. Версия 2.
11.08.2010 15:05:21 Ошибка загрузки файла состояния.
11.08.2010 15:05:22 Ошибка загрузки файла состояния.
11.08.2010 15:05:27 Ошибка загрузки файла состояния.
11.08.2010 15:05:32 Ошибка загрузки файла состояния.
11.08.2010 15:05:33 Программа остановлена.
22.05.2015 19:14:39 Программа запущена. Версия 2.
22.05.2015 19:14:40 USB-устройство MP709 00000E7F подключено.
22.05.2015 19:14:42 Ошибка загрузки файла состояния.
22.05.2015 19:14:43 Ошибка загрузки файла состояния.
22.05.2015 19:14:47 Нагрузка 00000E7F включена.
22.05.2015 19:14:48 Ошибка загрузки файла состояния.
22.05.2015 19:15:14 Ошибка чтения номера новой версии программы.
22.05.2015 19:15:15 Ошибка загрузки файла состояния.
22.05.2015 19:15:18 Ошибка загрузки файла состояния.
22.05.2015 19:21:52 Нагрузка DOOR отключена.
22.05.2015 19:26:08 Нагрузка DOOR включена.
22.05.2015 19:26:09 Нагрузка DOOR отключена.
22.05.2015 19:26:09 Нагрузка DOOR включена.
22.05.2015 19:26:10 Нагрузка DOOR отключена.
22.05.2015 19:28:48 Программа остановлена.
22.05.2015 20:39:28 Программа запущена. Версия 2.
22.05.2015 20:39:28 Нагрузка DOOR включена.
22.05.2015 20:39:28 USB-устройство MP709 DOOR подключено.
22.05.2015 20:39:29 Нагрузка DOOR отключена.
22.05.2015 20:39:35 Нагрузка DOOR включена.
22.05.2015 20:39:35 Нагрузка DOOR отключена.
22.05.2015 20:39:36 Нагрузка DOOR включена.
22.05.2015 20:39:36 Нагрузка DOOR отключена.
22.05.2015 20:39:49 Нагрузка DOOR включена.
22.05.2015 20:39:49 Нагрузка DOOR отключена.
22.05.2015 20:39:50 Нагрузка DOOR включена.
22.05.2015 20:39:51 Нагрузка DOOR отключена.
22.05.2015 20:40:04 Ошибка чтения номера новой версии программы.
22.05.2015 20:40:09 Нагрузка DOOR включена.
22.05.2015 20:40:10 Нагрузка DOOR отключена.
22.05.2015 20:40:10 Нагрузка DOOR включена.
22.05.2015 20:40:11 Нагрузка DOOR отключена.
22.05.2015 20:40:41 Программа остановлена.
25.05.2015 17:42:26 Программа запущена. Версия 2.
25.05.2015 17:42:26 Нагрузка DOOR включена.
25.05.2015 17:42:26 USB-устройство MP709 DOOR подключено.
25.05.2015 17:42:27 Нагрузка DOOR отключена.
25.05.2015 17:42:57 Нагрузка SVET включена.
25.05.2015 17:42:59 Нагрузка SVET отключена.
25.05.2015 17:42:59 Нагрузка SVET включена.
25.05.2015 17:43:00 Нагрузка SVET отключена.
25.05.2015 17:43:00 Нагрузка SVET включена.
25.05.2015 17:43:02 Нагрузка SVET отключена.
25.05.2015 17:43:03 Нагрузка SVET включена.
25.05.2015 17:43:04 Нагрузка SVET отключена.
25.05.2015 17:43:06 Нагрузка SVET включена.
25.05.2015 17:43:11 Нагрузка SVET отключена.
25.05.2015 17:43:13 Нагрузка SVET включена.
25.05.2015 17:43:15 Нагрузка SVET отключена.
25.05.2015 17:43:15 Нагрузка SVET включена.
25.05.2015 17:43:17 Нагрузка SVET отключена.
25.05.2015 17:43:17 Ошибка чтения номера новой версии программы.
25.05.2015 17:43:17 Нагрузка SVET включена.
25.05.2015 17:43:18 Нагрузка SVET отключена.
25.05.2015 17:43:18 Нагрузка SVET включена.
25.05.2015 17:43:20 Нагрузка SVET отключена.
25.05.2015 17:43:21 Нагрузка SVET включена.
25.05.2015 17:43:23 Нагрузка SVET отключена.
25.05.2015 17:43:23 Нагрузка SVET включена.
25.05.2015 17:43:24 Нагрузка SVET отключена.
25.05.2015 17:43:24 Нагрузка SVET включена.
25.05.2015 17:43:25 Нагрузка SVET отключена.
25.05.2015 17:43:26 Нагрузка SVET включена.
25.05.2015 17:43:26 Нагрузка SVET отключена.
25.05.2015 17:43:27 Нагрузка SVET включена.
25.05.2015 17:43:28 Нагрузка SVET отключена.
25.05.2015 17:43:30 Нагрузка SVET включена.
25.05.2015 17:43:31 Нагрузка SVET отключена.
25.05.2015 17:43:32 Нагрузка SVET включена.
25.05.2015 17:43:34 Нагрузка SVET отключена.
25.05.2015 17:43:36 Нагрузка SVET включена.
25.05.2015 17:43:36 Нагрузка SVET отключена.
25.05.2015 17:47:08 Нагрузка SVET включена.
25.05.2015 17:47:08 Нагрузка SVET отключена.
25.05.2015 17:47:09 Нагрузка SVET включена.
25.05.2015 17:47:09 Нагрузка SVET отключена.
25.05.2015 17:47:10 Нагрузка SVET включена.
25.05.2015 17:47:11 Нагрузка SVET отключена.
25.05.2015 17:47:12 Нагрузка SVET включена.
25.05.2015 17:47:13 Нагрузка SVET отключена.
25.05.2015 17:47:13 Нагрузка SVET включена.
25.05.2015 17:47:14 Нагрузка SVET отключена.
25.05.2015 17:47:15 Нагрузка SVET включена.
25.05.2015 17:47:17 Нагрузка SVET отключена.
25.05.2015 17:47:18 Нагрузка SVET включена.
25.05.2015 17:47:18 Нагрузка SVET отключена.
25.05.2015 17:47:19 Нагрузка SVET включена.
25.05.2015 17:47:19 Нагрузка SVET отключена.
25.05.2015 17:47:20 Нагрузка SVET включена.
25.05.2015 17:47:20 Нагрузка SVET отключена.
25.05.2015 17:47:23 Нагрузка SVET включена.
25.05.2015 17:47:23 Нагрузка SVET отключена.
25.05.2015 17:47:24 Нагрузка SVET включена.
25.05.2015 17:47:24 Нагрузка SVET отключена.
25.05.2015 17:47:25 Нагрузка SVET включена.
25.05.2015 17:47:25 Нагрузка SVET отключена.
25.05.2015 17:47:26 Нагрузка SVET включена.
25.05.2015 17:47:27 Нагрузка SVET отключена.
25.05.2015 17:47:28 Нагрузка SVET включена.
25.05.2015 17:47:29 Нагрузка SVET отключена.
25.05.2015 17:47:30 Нагрузка SVET включена.
25.05.2015 17:47:31 Нагрузка SVET отключена.
25.05.2015 17:47:32 Нагрузка SVET включена.
25.05.2015 17:47:33 Нагрузка SVET отключена.
25.05.2015 17:47:33 Нагрузка SVET включена.
25.05.2015 17:47:34 Нагрузка SVET отключена.
25.05.2015 17:47:35 Нагрузка SVET включена.
25.05.2015 17:47:35 Нагрузка SVET отключена.
25.05.2015 17:55:32 Программа остановлена.
27.05.2015 11:31:59 Программа запущена. Версия 2.
29.05.2015 10:50:24 Программа запущена. Версия 2.
29.05.2015 10:50:25 Нагрузка SVET включена.
29.05.2015 10:50:25 USB-устройство MP709 SVET подключено.
29.05.2015 10:50:25 Нагрузка SVET отключена.
29.05.2015 10:50:27 Ошибка записи в USB-устройство!
29.05.2015 10:50:27 Ошибка записи в USB-устройство!
29.05.2015 10:50:27 Ошибка записи в USB-устройство!
29.05.2015 10:50:27 Ошибка чтения PORT
29.05.2015 10:50:27 Ошибка записи в USB-устройство!
29.05.2015 10:50:27 Ошибка записи в USB-устройство!
29.05.2015 10:50:27 Нагрузка SVET отключена.
29.05.2015 10:50:28 Ошибка записи в USB-устройство!
29.05.2015 10:50:28 Ошибка записи в USB-устройство!
29.05.2015 10:50:28 Ошибка записи в USB-устройство!
29.05.2015 10:50:28 Ошибка записи в USB-устройство!
29.05.2015 10:50:28 Ошибка записи в USB-устройство!
29.05.2015 10:50:28 Ошибка чтения PORT
29.05.2015 10:50:28 Ошибка записи в USB-устройство!
29.05.2015 10:50:28 Ошибка записи в USB-устройство!
29.05.2015 10:50:28 Ошибка записи в USB-устройство!
29.05.2015 10:50:28 Ошибка записи PORT
29.05.2015 10:50:28 Ошибка записи в USB-устройство!
29.05.2015 10:50:28 Ошибка записи в USB-устройство!
29.05.2015 10:50:28 Нагрузка SVET отключена.
29.05.2015 10:50:29 Ошибка записи в USB-устройство!
29.05.2015 10:50:29 Ошибка записи в USB-устройство!
29.05.2015 10:50:29 Ошибка записи в USB-устройство!
29.05.2015 10:50:29 Ошибка чтения PORT
29.05.2015 10:50:29 Ошибка записи PORT
29.05.2015 10:50:29 Ошибка записи в USB-устройство!
29.05.2015 10:50:29 Ошибка записи в USB-устройство!
29.05.2015 10:50:29 Ошибка чтения PORT
29.05.2015 10:50:29 Нагрузка SVET отключена.
29.05.2015 10:50:30 Ошибка записи в USB-устройство!
29.05.2015 10:50:30 Ошибка записи в USB-устройство!
29.05.2015 10:50:30 Ошибка записи в USB-устройство!
29.05.2015 10:50:30 Ошибка чтения PORT
29.05.2015 10:50:30 Ошибка записи в USB-устройство!
29.05.2015 10:50:30 Ошибка записи в USB-устройство!
29.05.2015 10:50:30 Ошибка записи в USB-устройство!
29.05.2015 10:50:30 Ошибка чтения PORT
29.05.2015 10:50:30 Нагрузка SVET отключена.
29.05.2015 10:50:30 Ошибка записи в USB-устройство!
29.05.2015 10:50:30 Ошибка записи в USB-устройство!
29.05.2015 10:50:30 Ошибка записи в USB-устройство!
29.05.2015 10:50:30 Ошибка чтения PORT
29.05.2015 10:50:30 Нагрузка SVET отключена.
29.05.2015 10:50:31 Ошибка записи в USB-устройство!
29.05.2015 10:50:31 Ошибка записи в USB-устройство!
29.05.2015 10:50:31 Ошибка чтения PORT
29.05.2015 10:50:31 Нагрузка SVET отключена.
29.05.2015 10:50:32 Ошибка записи в USB-устройство!
29.05.2015 10:50:35 Ошибка записи в USB-устройство!
29.05.2015 10:50:35 Ошибка записи в USB-устройство!
29.05.2015 10:50:35 Ошибка чтения PORT
29.05.2015 10:50:35 Нагрузка SVET отключена.
29.05.2015 10:50:36 Ошибка записи в USB-устройство!
29.05.2015 10:50:36 Ошибка записи в USB-устройство!
29.05.2015 10:50:38 Ошибка записи в USB-устройство!
29.05.2015 10:50:38 Ошибка записи в USB-устройство!
29.05.2015 10:50:38 Ошибка записи в USB-устройство!
29.05.2015 10:50:39 Ошибка записи в USB-устройство!
29.05.2015 10:50:39 Ошибка записи в USB-устройство!
29.05.2015 10:50:39 Ошибка записи в USB-устройство!
29.05.2015 10:50:39 Ошибка чтения PORT
29.05.2015 10:50:39 Ошибка записи в USB-устройство!
29.05.2015 10:50:39 Ошибка записи в USB-устройство!
29.05.2015 10:50:39 Ошибка записи в USB-устройство!
29.05.2015 10:50:39 Ошибка записи в USB-устройство!
29.05.2015 10:50:39 Нагрузка SVET отключена.
29.05.2015 10:50:39 Ошибка записи в USB-устройство!
29.05.2015 10:50:39 Ошибка записи в USB-устройство!
29.05.2015 10:50:39 Ошибка чтения PORT
29.05.2015 10:50:39 Ошибка записи в USB-устройство!
29.05.2015 10:50:39 Ошибка записи PORT
29.05.2015 10:50:39 Нагрузка SVET отключена.
29.05.2015 10:50:40 Ошибка записи в USB-устройство!
29.05.2015 10:50:40 Ошибка записи в USB-устройство!
29.05.2015 10:50:40 Ошибка записи в USB-устройство!
29.05.2015 10:50:40 Ошибка записи в USB-устройство!
29.05.2015 10:50:40 Ошибка записи в USB-устройство!
29.05.2015 10:50:40 Ошибка записи в USB-устройство!
29.05.2015 10:50:40 Ошибка чтения PORT
29.05.2015 10:50:40 Нагрузка SVET отключена.
29.05.2015 10:50:41 Ошибка записи в USB-устройство!
29.05.2015 10:50:42 Ошибка записи в USB-устройство!
29.05.2015 10:50:42 Ошибка записи в USB-устройство!
29.05.2015 10:50:42 Ошибка чтения PORT
29.05.2015 10:50:42 Нагрузка SVET отключена.
29.05.2015 10:50:42 Ошибка записи в USB-устройство!
29.05.2015 10:50:43 Ошибка записи в USB-устройство!
29.05.2015 10:50:43 Ошибка записи в USB-устройство!
29.05.2015 10:50:43 Ошибка записи в USB-устройство!
29.05.2015 10:50:43 Ошибка чтения PORT
29.05.2015 10:50:43 Ошибка записи в USB-устройство!
29.05.2015 10:50:43 Ошибка записи в USB-устройство!
29.05.2015 10:50:43 Ошибка записи в USB-устройство!
29.05.2015 10:50:43 Ошибка записи PORT
29.05.2015 10:50:43 Ошибка записи в USB-устройство!
29.05.2015 10:50:43 Ошибка записи в USB-устройство!
29.05.2015 10:50:43 Ошибка записи в USB-устройство!
29.05.2015 10:50:43 Ошибка чтения PORT
29.05.2015 10:50:43 Нагрузка SVET отключена.
29.05.2015 10:50:43 Ошибка записи в USB-устройство!
29.05.2015 10:50:44 Ошибка записи в USB-устройство!
29.05.2015 10:50:44 Ошибка записи в USB-устройство!
29.05.2015 10:50:44 Ошибка записи в USB-устройство!
29.05.2015 10:50:44 Ошибка записи в USB-устройство!
29.05.2015 10:50:44 Ошибка записи в USB-устройство!
29.05.2015 10:50:44 Ошибка чтения PORT
29.05.2015 10:50:44 Нагрузка SVET отключена.
29.05.2015 10:50:45 Ошибка записи в USB-устройство!
29.05.2015 10:50:45 Ошибка записи в USB-устройство!
29.05.2015 10:50:45 Ошибка записи в USB-устройство!
29.05.2015 10:50:45 Ошибка записи в USB-устройство!
29.05.2015 10:50:45 Ошибка записи PORT
29.05.2015 10:50:45 Ошибка записи в USB-устройство!
29.05.2015 10:50:45 Ошибка записи в USB-устройство!
29.05.2015 10:50:45 Ошибка записи в USB-устройство!
29.05.2015 10:50:46 Ошибка записи в USB-устройство!
29.05.2015 10:50:46 Ошибка записи в USB-устройство!
29.05.2015 10:50:46 Ошибка чтения PORT
29.05.2015 10:50:46 Нагрузка SVET отключена.
29.05.2015 10:50:47 Ошибка записи в USB-устройство!
29.05.2015 10:50:47 Ошибка записи в USB-устройство!
29.05.2015 10:50:47 Ошибка записи в USB-устройство!
29.05.2015 10:50:47 Ошибка чтения PORT
29.05.2015 10:50:47 Нагрузка SVET отключена.
29.05.2015 10:50:47 Ошибка записи в USB-устройство!
29.05.2015 10:50:48 Ошибка записи в USB-устройство!
29.05.2015 10:50:48 Ошибка записи в USB-устройство!
29.05.2015 10:50:48 Ошибка записи в USB-устройство!
29.05.2015 10:50:48 Ошибка записи в USB-устройство!
29.05.2015 10:50:48 Ошибка записи в USB-устройство!
29.05.2015 10:50:48 Ошибка чтения PORT
29.05.2015 10:50:48 Ошибка записи в USB-устройство!
29.05.2015 10:50:48 Ошибка записи в USB-устройство!
29.05.2015 10:50:48 Ошибка записи в USB-устройство!
29.05.2015 10:50:48 Ошибка чтения PORT
29.05.2015 10:50:48 Нагрузка SVET отключена.
29.05.2015 10:50:50 Ошибка записи в USB-устройство!
29.05.2015 10:50:52 Ошибка записи в USB-устройство!
29.05.2015 10:50:52 Ошибка записи в USB-устройство!
29.05.2015 10:50:52 Ошибка чтения PORT
29.05.2015 10:50:52 Ошибка записи в USB-устройство!
29.05.2015 10:50:52 Нагрузка SVET отключена.
29.05.2015 10:50:52 Ошибка записи в USB-устройство!
29.05.2015 10:50:52 Ошибка записи в USB-устройство!
29.05.2015 10:50:52 Ошибка чтения PORT
29.05.2015 10:50:52 Ошибка записи в USB-устройство!
29.05.2015 10:50:52 Ошибка записи в USB-устройство!
29.05.2015 10:50:52 Ошибка записи в USB-устройство!
29.05.2015 10:50:52 Ошибка записи PORT
29.05.2015 10:50:52 Ошибка записи в USB-устройство!
29.05.2015 10:50:52 Ошибка записи в USB-устройство!
29.05.2015 10:50:52 Ошибка записи в USB-устройство!
29.05.2015 10:50:52 Ошибка чтения PORT
29.05.2015 10:50:52 Нагрузка SVET отключена.
29.05.2015 10:50:53 Ошибка записи в USB-устройство!
29.05.2015 10:50:53 Ошибка записи в USB-устройство!
29.05.2015 10:50:53 Ошибка записи в USB-устройство!
29.05.2015 10:50:53 Ошибка чтения PORT
29.05.2015 10:50:53 Ошибка записи в USB-устройство!
29.05.2015 10:50:53 Ошибка записи в USB-устройство!
29.05.2015 10:50:53 Ошибка записи PORT
29.05.2015 10:50:53 Нагрузка SVET отключена.
29.05.2015 10:50:54 Ошибка записи в USB-устройство!
29.05.2015 10:50:54 Ошибка записи в USB-устройство!
29.05.2015 10:50:54 Ошибка записи в USB-устройство!
29.05.2015 10:50:54 Ошибка записи в USB-устройство!
29.05.2015 10:50:54 Ошибка записи в USB-устройство!
29.05.2015 10:50:54 Ошибка чтения PORT
29.05.2015 10:50:54 Нагрузка SVET отключена.
29.05.2015 10:50:54 Ошибка записи в USB-устройство!
29.05.2015 10:50:54 Ошибка записи в USB-устройство!
29.05.2015 10:50:55 Ошибка чтения номера новой версии программы.
29.05.2015 10:50:55 Ошибка записи в USB-устройство!
29.05.2015 10:50:55 Ошибка записи в USB-устройство!
29.05.2015 10:50:55 Ошибка записи в USB-устройство!
29.05.2015 10:50:56 Ошибка записи в USB-устройство!
29.05.2015 10:50:56 Ошибка записи в USB-устройство!
29.05.2015 10:50:56 Ошибка записи в USB-устройство!
29.05.2015 10:50:56 Ошибка записи в USB-устройство!
29.05.2015 10:50:56 Ошибка записи PORT
29.05.2015 10:50:56 Ошибка записи в USB-устройство!
29.05.2015 10:50:56 Ошибка записи в USB-устройство!
29.05.2015 10:50:57 Ошибка записи в USB-устройство!
29.05.2015 10:50:57 Ошибка записи в USB-устройство!
29.05.2015 10:50:57 Ошибка записи в USB-устройство!
29.05.2015 10:50:57 Ошибка записи в USB-устройство!
29.05.2015 10:50:57 Ошибка чтения PORT
29.05.2015 10:50:57 Нагрузка SVET отключена.
29.05.2015 10:50:57 Ошибка записи в USB-устройство!
29.05.2015 10:50:57 Ошибка записи в USB-устройство!
29.05.2015 10:50:57 Ошибка чтения PORT
29.05.2015 10:50:57 Ошибка записи в USB-устройство!
29.05.2015 10:50:57 Ошибка записи в USB-устройство!
29.05.2015 10:50:57 Ошибка записи в USB-устройство!
29.05.2015 10:50:57 Ошибка записи PORT
29.05.2015 10:50:57 Нагрузка SVET отключена.
29.05.2015 10:50:58 Ошибка записи в USB-устройство!
29.05.2015 10:50:58 Ошибка записи в USB-устройство!
29.05.2015 10:50:58 Ошибка записи в USB-устройство!
29.05.2015 10:50:58 Ошибка чтения PORT
29.05.2015 10:50:58 Ошибка записи в USB-устройство!
29.05.2015 10:50:58 Нагрузка SVET отключена.
29.05.2015 10:50:58 Ошибка записи в USB-устройство!
29.05.2015 10:50:58 Ошибка записи в USB-устройство!
29.05.2015 10:50:58 Ошибка записи в USB-устройство!
29.05.2015 10:50:58 Ошибка записи в USB-устройство!
29.05.2015 10:50:58 Ошибка записи PORT
29.05.2015 10:50:58 Ошибка записи в USB-устройство!
29.05.2015 10:50:58 Ошибка чтения PORT
29.05.2015 10:50:58 Нагрузка SVET отключена.
29.05.2015 10:50:59 Ошибка записи в USB-устройство!
29.05.2015 10:50:59 Ошибка записи в USB-устройство!
29.05.2015 10:50:59 Ошибка записи в USB-устройство!
29.05.2015 10:50:59 Ошибка чтения PORT
29.05.2015 10:50:59 Ошибка записи в USB-устройство!
29.05.2015 10:50:59 Ошибка записи PORT
29.05.2015 10:50:59 Ошибка записи в USB-устройство!
29.05.2015 10:50:59 Ошибка записи в USB-устройство!
29.05.2015 10:50:59 Ошибка чтения PORT
29.05.2015 10:50:59 Нагрузка SVET отключена.
29.05.2015 10:50:59 Ошибка записи в USB-устройство!
29.05.2015 10:50:59 Ошибка записи в USB-устройство!
29.05.2015 10:51:01 Ошибка записи в USB-устройство!
29.05.2015 10:51:01 Ошибка записи в USB-устройство!
29.05.2015 10:51:01 Ошибка записи в USB-устройство!
29.05.2015 10:51:01 Ошибка чтения PORT
29.05.2015 10:51:01 Ошибка записи в USB-устройство!
29.05.2015 10:51:01 Ошибка записи в USB-устройство!
29.05.2015 10:51:01 Ошибка записи в USB-устройство!
29.05.2015 10:51:01 Нагрузка SVET отключена.
29.05.2015 10:51:02 Ошибка записи в USB-устройство!
29.05.2015 10:51:02 Ошибка записи в USB-устройство!
29.05.2015 10:51:02 Ошибка записи в USB-устройство!
29.05.2015 10:51:02 Ошибка записи в USB-устройство!
29.05.2015 10:51:02 Ошибка чтения PORT
29.05.2015 10:51:02 Ошибка записи в USB-устройство!
29.05.2015 10:51:02 Ошибка записи в USB-устройство!
29.05.2015 10:51:02 Ошибка записи в USB-устройство!
29.05.2015 10:51:02 Ошибка записи в USB-устройство!
29.05.2015 10:51:02 Ошибка чтения PORT
29.05.2015 10:51:02 Нагрузка SVET отключена.
29.05.2015 10:51:03 Ошибка записи в USB-устройство!
29.05.2015 10:51:03 Ошибка записи в USB-устройство!
29.05.2015 10:51:03 Ошибка записи в USB-устройство!
29.05.2015 10:51:03 Ошибка чтения PORT
29.05.2015 10:51:03 Ошибка записи в USB-устройство!
29.05.2015 10:51:03 Ошибка записи в USB-устройство!
29.05.2015 10:51:03 Ошибка записи в USB-устройство!
29.05.2015 10:51:03 Ошибка чтения PORT
29.05.2015 10:51:03 Нагрузка SVET отключена.
29.05.2015 10:51:04 Ошибка записи в USB-устройство!
29.05.2015 10:51:09 Ошибка записи в USB-устройство!
29.05.2015 10:51:13 Ошибка записи в USB-устройство!
29.05.2015 10:51:13 Ошибка записи в USB-устройство!
29.05.2015 10:51:13 Ошибка чтения PORT
29.05.2015 10:51:13 Нагрузка SVET отключена.
29.05.2015 10:51:14 Ошибка записи в USB-устройство!
29.05.2015 10:51:14 Ошибка записи в USB-устройство!
29.05.2015 10:51:16 Ошибка записи в USB-устройство!
29.05.2015 10:51:19 USB-устройство MP709 00000EA1 подключено.
29.05.2015 10:51:19 Ошибка записи в USB-устройство!
29.05.2015 10:51:19 Ошибка записи в USB-устройство!
29.05.2015 10:51:19 Ошибка записи в USB-устройство!
29.05.2015 10:51:19 Ошибка записи в USB-устройство!
29.05.2015 10:51:19 Ошибка записи в USB-устройство!
29.05.2015 10:51:19 Ошибка чтения PORT
29.05.2015 10:51:19 Нагрузка SVET отключена.
29.05.2015 10:51:21 Ошибка записи в USB-устройство!
29.05.2015 10:51:21 Ошибка записи в USB-устройство!
29.05.2015 10:51:21 Ошибка записи в USB-устройство!
29.05.2015 10:51:21 Ошибка чтения PORT
29.05.2015 10:51:21 Ошибка чтения из USB-устройства
29.05.2015 10:51:21 Ошибка записи в USB-устройство!
29.05.2015 10:51:21 Нагрузка SVET отключена.
29.05.2015 10:51:21 Ошибка записи в USB-устройство!
29.05.2015 10:51:21 Ошибка записи в USB-устройство!
29.05.2015 10:51:21 Ошибка записи в USB-устройство!
29.05.2015 10:51:21 Ошибка чтения PORT
29.05.2015 10:51:21 Ошибка записи в USB-устройство!
29.05.2015 10:51:21 Ошибка записи в USB-устройство!
29.05.2015 10:51:21 Нагрузка SVET отключена.
29.05.2015 10:51:22 Ошибка записи в USB-устройство!
29.05.2015 10:51:22 Ошибка записи в USB-устройство!
29.05.2015 10:51:23 Ошибка записи в USB-устройство!
29.05.2015 10:51:24 Ошибка записи в USB-устройство!
29.05.2015 10:51:27 Ошибка записи в USB-устройство!
29.05.2015 10:51:31 Ошибка записи в USB-устройство!
29.05.2015 10:51:31 Ошибка записи в USB-устройство!
29.05.2015 10:51:31 Ошибка записи в USB-устройство!
29.05.2015 10:51:31 Ошибка записи в USB-устройство!
29.05.2015 10:51:31 Ошибка записи в USB-устройство!
29.05.2015 10:51:31 Ошибка записи в USB-устройство!
29.05.2015 10:51:31 Ошибка чтения PORT
29.05.2015 10:51:31 Нагрузка SVET отключена.
